

================================================================
== Vivado HLS Report for 'lup'
================================================================
* Date:           Sat Aug 15 11:40:45 2020

* Version:        2019.1 (Build 2552052 on Fri May 24 15:28:33 MDT 2019)
* Project:        Inversion_LUP1
* Solution:       No_directive
* Product family: zynq
* Target device:  xc7z020-clg484-1


================================================================
== Performance Estimates
================================================================
+ Timing (ns): 
    * Summary: 
    +--------+-------+----------+------------+
    |  Clock | Target| Estimated| Uncertainty|
    +--------+-------+----------+------------+
    |ap_clk  |  10.00|     8.434|        1.25|
    +--------+-------+----------+------------+

+ Latency (clock cycles): 
    * Summary: 
    +-----+-----+-----+-----+---------+
    |  Latency  |  Interval | Pipeline|
    | min | max | min | max |   Type  |
    +-----+-----+-----+-----+---------+
    |   60|  657|   60|  657|   none  |
    +-----+-----+-----+-----+---------+

    + Detail: 
        * Instance: 
        N/A

        * Loop: 
        +------------------------+-----+-----+----------+-----------+-----------+-------+----------+
        |                        |  Latency  | Iteration|  Initiation Interval  |  Trip |          |
        |        Loop Name       | min | max |  Latency |  achieved |   target  | Count | Pipelined|
        +------------------------+-----+-----+----------+-----------+-----------+-------+----------+
        |- PermutMat_Initialize  |   18|   18|         6|          -|          -|      3|    no    |
        |- lup_label0            |   39|  586| 39 ~ 194 |          -|          -| 1 ~ 3 |    no    |
        | + find_max             |    3|    9|         3|          -|          -| 1 ~ 3 |    no    |
        | + swap_row             |    9|    9|         3|          -|          -|      3|    no    |
        | + lup_label0.3         |    9|    9|         3|          -|          -|      3|    no    |
        | + lup_label1           |   29|  153|  29 ~ 51 |          -|          -| 1 ~ 3 |    no    |
        |  ++ lup_label2         |   11|   33|        11|          -|          -| 1 ~ 3 |    no    |
        |- Assign_L0             |   12|   24|   4 ~ 8  |          -|          -|      3|    no    |
        | + Assign_L1            |    2|    6|         2|          -|          -| 1 ~ 3 |    no    |
        |- Assign_U0             |   12|   24|   4 ~ 8  |          -|          -|      3|    no    |
        | + Assign_U1            |    2|    6|         2|          -|          -| 1 ~ 3 |    no    |
        +------------------------+-----+-----+----------+-----------+-----------+-------+----------+



================================================================
== Utilization Estimates
================================================================
* Summary: 
+-----------------+---------+-------+--------+-------+-----+
|       Name      | BRAM_18K| DSP48E|   FF   |  LUT  | URAM|
+-----------------+---------+-------+--------+-------+-----+
|DSP              |        -|      -|       -|      -|    -|
|Expression       |        -|      -|       0|   1795|    -|
|FIFO             |        -|      -|       -|      -|    -|
|Instance         |        -|      5|    1921|   3333|    -|
|Memory           |        -|      -|       -|      -|    -|
|Multiplexer      |        -|      -|       -|    722|    -|
|Register         |        -|      -|    1430|      -|    -|
+-----------------+---------+-------+--------+-------+-----+
|Total            |        0|      5|    3351|   5850|    0|
+-----------------+---------+-------+--------+-------+-----+
|Available        |      280|    220|  106400|  53200|    0|
+-----------------+---------+-------+--------+-------+-----+
|Utilization (%)  |        0|      2|       3|     10|    0|
+-----------------+---------+-------+--------+-------+-----+

+ Detail: 
    * Instance: 
    +-------------------------+----------------------+---------+-------+-----+-----+-----+
    |         Instance        |        Module        | BRAM_18K| DSP48E|  FF | LUT | URAM|
    +-------------------------+----------------------+---------+-------+-----+-----+-----+
    |inverse_top_fcmp_fYi_U6  |inverse_top_fcmp_fYi  |        0|      0|   66|  239|    0|
    |inverse_top_fcmp_fYi_U7  |inverse_top_fcmp_fYi  |        0|      0|   66|  239|    0|
    |inverse_top_fdiv_dEe_U3  |inverse_top_fdiv_dEe  |        0|      0|  761|  994|    0|
    |inverse_top_fmul_cud_U2  |inverse_top_fmul_cud  |        0|      3|  143|  321|    0|
    |inverse_top_fsub_bkb_U1  |inverse_top_fsub_bkb  |        0|      2|  205|  390|    0|
    |inverse_top_mux_4g8j_U8  |inverse_top_mux_4g8j  |        0|      0|    0|   21|    0|
    |inverse_top_mux_4g8j_U9  |inverse_top_mux_4g8j  |        0|      0|    0|   21|    0|
    |inverse_top_sitofeOg_U4  |inverse_top_sitofeOg  |        0|      0|  340|  554|    0|
    |inverse_top_sitofeOg_U5  |inverse_top_sitofeOg  |        0|      0|  340|  554|    0|
    +-------------------------+----------------------+---------+-------+-----+-----+-----+
    |Total                    |                      |        0|      5| 1921| 3333|    0|
    +-------------------------+----------------------+---------+-------+-----+-----+-----+

    * DSP48E: 
    N/A

    * Memory: 
    N/A

    * FIFO: 
    N/A

    * Expression: 
    +--------------------------+----------+-------+---+----+------------+------------+
    |       Variable Name      | Operation| DSP48E| FF| LUT| Bitwidth P0| Bitwidth P1|
    +--------------------------+----------+-------+---+----+------------+------------+
    |add_ln112_fu_1467_p2      |     +    |      0|  0|   8|           5|           5|
    |add_ln122_fu_1531_p2      |     +    |      0|  0|  15|           5|           5|
    |add_ln49_fu_673_p2        |     +    |      0|  0|   8|           5|           5|
    |add_ln58_fu_720_p2        |     +    |      0|  0|  15|           5|           5|
    |add_ln70_fu_912_p2        |     +    |      0|  0|  15|           5|           5|
    |add_ln71_fu_922_p2        |     +    |      0|  0|  15|           5|           5|
    |add_ln95_fu_1355_p2       |     +    |      0|  0|  15|           5|           5|
    |add_ln99_1_fu_1391_p2     |     +    |      0|  0|  15|           5|           5|
    |add_ln99_fu_1381_p2       |     +    |      0|  0|  15|           5|           5|
    |i1_fu_968_p2              |     +    |      0|  0|  10|           2|           1|
    |i_1_fu_1411_p2            |     +    |      0|  0|  10|           2|           1|
    |i_2_fu_1493_p2            |     +    |      0|  0|  10|           2|           1|
    |i_3_fu_593_p2             |     +    |      0|  0|  10|           2|           1|
    |i_fu_486_p2               |     +    |      0|  0|  10|           2|           1|
    |j_2_fu_1541_p2            |     +    |      0|  0|  39|           1|          32|
    |j_3_fu_1477_p2            |     +    |      0|  0|  39|          32|           1|
    |j_4_fu_1365_p2            |     +    |      0|  0|  39|          32|           1|
    |k_2_fu_902_p2             |     +    |      0|  0|  10|           2|           1|
    |k_3_fu_1321_p2            |     +    |      0|  0|  39|          32|           1|
    |pos_2_fu_639_p2           |     +    |      0|  0|  39|          32|           1|
    |sub_ln112_fu_1461_p2      |     -    |      0|  0|   8|           5|           5|
    |sub_ln122_fu_1515_p2      |     -    |      0|  0|  15|           5|           5|
    |sub_ln40_fu_619_p2        |     -    |      0|  0|  15|           5|           5|
    |sub_ln49_fu_667_p2        |     -    |      0|  0|   8|           5|           5|
    |sub_ln58_fu_714_p2        |     -    |      0|  0|  15|           5|           5|
    |sub_ln95_fu_1349_p2       |     -    |      0|  0|  15|           5|           5|
    |and_ln50_1_fu_770_p2      |    and   |      0|  0|   2|           1|           1|
    |and_ln50_2_fu_776_p2      |    and   |      0|  0|   2|           1|           1|
    |and_ln50_3_fu_818_p2      |    and   |      0|  0|   2|           1|           1|
    |and_ln50_4_fu_824_p2      |    and   |      0|  0|   2|           1|           1|
    |and_ln50_fu_830_p2        |    and   |      0|  0|   2|           1|           1|
    |and_ln58_fu_885_p2        |    and   |      0|  0|   2|           1|           1|
    |and_ln79_1_fu_1276_p2     |    and   |      0|  0|   2|           1|           1|
    |and_ln79_fu_1271_p2       |    and   |      0|  0|   2|           1|           1|
    |and_ln81_1_fu_1298_p2     |    and   |      0|  0|   2|           1|           1|
    |and_ln81_fu_1293_p2       |    and   |      0|  0|   2|           1|           1|
    |ap_condition_289          |    and   |      0|  0|   2|           1|           1|
    |icmp_ln104_fu_1405_p2     |   icmp   |      0|  0|   8|           2|           2|
    |icmp_ln106_fu_1434_p2     |   icmp   |      0|  0|  18|          32|           2|
    |icmp_ln109_fu_1440_p2     |   icmp   |      0|  0|  18|          32|          32|
    |icmp_ln117_fu_1487_p2     |   icmp   |      0|  0|   8|           2|           2|
    |icmp_ln119_fu_1521_p2     |   icmp   |      0|  0|  18|          32|           2|
    |icmp_ln17_fu_480_p2       |   icmp   |      0|  0|   8|           2|           2|
    |icmp_ln19_1_fu_521_p2     |   icmp   |      0|  0|   8|           2|           1|
    |icmp_ln19_fu_507_p2       |   icmp   |      0|  0|   8|           2|           1|
    |icmp_ln34_fu_587_p2       |   icmp   |      0|  0|   8|           2|           2|
    |icmp_ln46_fu_645_p2       |   icmp   |      0|  0|  18|          32|           2|
    |icmp_ln50_1_fu_754_p2     |   icmp   |      0|  0|  18|          23|           1|
    |icmp_ln50_2_fu_692_p2     |   icmp   |      0|  0|  11|           8|           2|
    |icmp_ln50_3_fu_633_p2     |   icmp   |      0|  0|  18|          23|           1|
    |icmp_ln50_4_fu_800_p2     |   icmp   |      0|  0|  11|           8|           2|
    |icmp_ln50_5_fu_806_p2     |   icmp   |      0|  0|  18|          23|           1|
    |icmp_ln50_fu_748_p2       |   icmp   |      0|  0|  11|           8|           2|
    |icmp_ln58_1_fu_875_p2     |   icmp   |      0|  0|  18|          23|           1|
    |icmp_ln58_fu_869_p2       |   icmp   |      0|  0|  11|           8|           2|
    |icmp_ln65_fu_891_p2       |   icmp   |      0|  0|  18|          32|          32|
    |icmp_ln67_fu_896_p2       |   icmp   |      0|  0|   8|           2|           2|
    |icmp_ln77_fu_962_p2       |   icmp   |      0|  0|   8|           2|           2|
    |icmp_ln79_1_fu_1255_p2    |   icmp   |      0|  0|  18|          23|           1|
    |icmp_ln79_2_fu_983_p2     |   icmp   |      0|  0|  11|           8|           2|
    |icmp_ln79_3_fu_939_p2     |   icmp   |      0|  0|  18|          23|           1|
    |icmp_ln79_fu_1249_p2      |   icmp   |      0|  0|  11|           8|           2|
    |icmp_ln81_1_fu_998_p2     |   icmp   |      0|  0|  11|           8|           2|
    |icmp_ln81_fu_952_p2       |   icmp   |      0|  0|  18|          23|           1|
    |icmp_ln85_1_fu_1051_p2    |   icmp   |      0|  0|   8|           2|           1|
    |icmp_ln85_2_fu_1065_p2    |   icmp   |      0|  0|   9|           2|           3|
    |icmp_ln85_fu_1037_p2      |   icmp   |      0|  0|   8|           2|           1|
    |icmp_ln86_1_fu_1135_p2    |   icmp   |      0|  0|   8|           2|           1|
    |icmp_ln86_2_fu_1149_p2    |   icmp   |      0|  0|   9|           2|           3|
    |icmp_ln86_fu_1121_p2      |   icmp   |      0|  0|   8|           2|           1|
    |icmp_ln92_fu_1327_p2      |   icmp   |      0|  0|  18|          32|           2|
    |icmp_ln96_fu_1371_p2      |   icmp   |      0|  0|  18|          32|           2|
    |or_ln50_1_fu_766_p2       |    or    |      0|  0|   2|           1|           1|
    |or_ln50_2_fu_812_p2       |    or    |      0|  0|   2|           1|           1|
    |or_ln50_fu_760_p2         |    or    |      0|  0|   2|           1|           1|
    |or_ln58_fu_881_p2         |    or    |      0|  0|   2|           1|           1|
    |or_ln79_1_fu_1267_p2      |    or    |      0|  0|   2|           1|           1|
    |or_ln79_fu_1261_p2        |    or    |      0|  0|   2|           1|           1|
    |or_ln81_fu_1289_p2        |    or    |      0|  0|   2|           1|           1|
    |P_0_1_fu_551_p3           |  select  |      0|  0|  32|           1|          32|
    |P_0_3_fu_1114_p3          |  select  |      0|  0|  32|           1|          32|
    |P_0_4_fu_1203_p3          |  select  |      0|  0|  32|           1|          32|
    |P_1_1_fu_535_p3           |  select  |      0|  0|  32|           1|          32|
    |P_1_3_fu_1093_p3          |  select  |      0|  0|  32|           1|          32|
    |P_1_4_fu_1179_p3          |  select  |      0|  0|  32|           1|          32|
    |P_2_1_fu_527_p3           |  select  |      0|  0|  32|           1|          32|
    |P_2_3_fu_1079_p3          |  select  |      0|  0|  32|           1|          32|
    |P_2_4_fu_1163_p3          |  select  |      0|  0|  32|           1|          32|
    |P_3_1_fu_1071_p3          |  select  |      0|  0|  32|           1|          32|
    |P_3_2_fu_1155_p3          |  select  |      0|  0|  32|           1|          32|
    |ind2_4_fu_1304_p3         |  select  |      0|  0|  32|           1|          32|
    |ind2_fu_1282_p3           |  select  |      0|  0|  32|           1|          32|
    |select_ln19_1_fu_543_p3   |  select  |      0|  0|  32|           1|          32|
    |select_ln19_fu_513_p3     |  select  |      0|  0|  32|           1|          32|
    |select_ln50_1_fu_844_p3   |  select  |      0|  0|  32|           1|          32|
    |select_ln50_fu_836_p3     |  select  |      0|  0|  32|           1|          32|
    |select_ln85_1_fu_1057_p3  |  select  |      0|  0|  32|           1|          32|
    |select_ln85_2_fu_1086_p3  |  select  |      0|  0|  32|           1|          32|
    |select_ln85_3_fu_1100_p3  |  select  |      0|  0|  32|           1|          32|
    |select_ln85_4_fu_1107_p3  |  select  |      0|  0|  32|           1|          32|
    |select_ln85_fu_1043_p3    |  select  |      0|  0|  32|           1|          32|
    |select_ln86_1_fu_1141_p3  |  select  |      0|  0|  32|           1|          32|
    |select_ln86_2_fu_1171_p3  |  select  |      0|  0|  32|           1|          32|
    |select_ln86_3_fu_1187_p3  |  select  |      0|  0|  32|           1|          32|
    |select_ln86_4_fu_1195_p3  |  select  |      0|  0|  32|           1|          32|
    |select_ln86_fu_1127_p3    |  select  |      0|  0|  32|           1|          32|
    +--------------------------+----------+-------+---+----+------------+------------+
    |Total                     |          |      0|  0|1795|         730|        1118|
    +--------------------------+----------+-------+---+----+------------+------------+

    * Multiplexer: 
    +-------------------+-----+-----------+-----+-----------+
    |        Name       | LUT | Input Size| Bits| Total Bits|
    +-------------------+-----+-----------+-----+-----------+
    |A_address0         |   44|          9|    4|         36|
    |A_address1         |   41|          8|    4|         32|
    |A_d1               |   27|          5|   32|        160|
    |L_address0         |   15|          3|    4|         12|
    |L_d0               |   15|          3|   32|         96|
    |P_0_2_fu_112       |    9|          2|   32|         64|
    |P_1_2_fu_108       |    9|          2|   32|         64|
    |P_2_2_fu_104       |    9|          2|   32|         64|
    |ap_NS_fsm          |  265|         62|    1|         62|
    |ap_return_0        |    9|          2|    1|          2|
    |ap_return_1        |    9|          2|   32|         64|
    |ap_return_2        |    9|          2|   32|         64|
    |ap_return_3        |    9|          2|   32|         64|
    |grp_fu_421_p0      |   15|          3|   32|         96|
    |grp_fu_428_opcode  |   15|          3|    5|         15|
    |grp_fu_428_p0      |   15|          3|   32|         96|
    |grp_fu_428_p1      |   21|          4|   32|        128|
    |grp_fu_433_opcode  |   15|          3|    5|         15|
    |grp_fu_433_p0      |   15|          3|   32|         96|
    |grp_fu_433_p1      |   15|          3|   32|         96|
    |i_0_reg_245        |    9|          2|    2|          4|
    |ind1_reg_309       |    9|          2|    2|          4|
    |j5_0_reg_361       |    9|          2|   32|         64|
    |j7_0_reg_382       |    9|          2|   32|         64|
    |j_0_in_reg_341     |    9|          2|   32|         64|
    |j_1_reg_371        |    9|          2|    2|          4|
    |j_reg_350          |    9|          2|    2|          4|
    |k_0_in_reg_289     |    9|          2|   32|         64|
    |k_1_reg_298        |    9|          2|    2|          4|
    |k_2_in_reg_332     |    9|          2|   32|         64|
    |max_0_reg_269      |    9|          2|   32|         64|
    |phi_ln79_reg_320   |   15|          3|   32|         96|
    |pos_0_reg_279      |    9|          2|   32|         64|
    |pos_reg_257        |    9|          2|    2|          4|
    |reg_457            |    9|          2|   32|         64|
    +-------------------+-----+-----------+-----+-----------+
    |Total              |  722|        157|  740|       1958|
    +-------------------+-----+-----------+-----+-----------+

    * Register: 
    +-------------------------+----+----+-----+-----------+
    |           Name          | FF | LUT| Bits| Const Bits|
    +-------------------------+----+----+-----+-----------+
    |A_addr_5_reg_1789        |   4|   0|    4|          0|
    |A_addr_6_reg_1795        |   4|   0|    4|          0|
    |A_addr_7_reg_1875        |   4|   0|    4|          0|
    |A_addr_8_reg_1888        |   4|   0|    4|          0|
    |A_addr_reg_1691          |   2|   0|    4|          2|
    |L_addr_reg_1928          |   2|   0|    4|          2|
    |P_0_0_fu_92              |  32|   0|   32|          0|
    |P_0_2_fu_112             |  32|   0|   32|          0|
    |P_0_2_load_reg_1657      |  32|   0|   32|          0|
    |P_1_0_fu_88              |  32|   0|   32|          0|
    |P_1_2_fu_108             |  32|   0|   32|          0|
    |P_1_2_load_reg_1647      |  32|   0|   32|          0|
    |P_2_0_fu_84              |  32|   0|   32|          0|
    |P_2_2_fu_104             |  32|   0|   32|          0|
    |P_2_2_load_reg_1638      |  32|   0|   32|          0|
    |P_3_0_fu_116             |  32|   0|   32|          0|
    |ap_CS_fsm                |  61|   0|   61|          0|
    |ap_return_0_preg         |   1|   0|    1|          0|
    |ap_return_1_preg         |  32|   0|   32|          0|
    |ap_return_2_preg         |  32|   0|   32|          0|
    |ap_return_3_preg         |  32|   0|   32|          0|
    |bitcast_ln50_1_reg_1715  |  32|   0|   32|          0|
    |bitcast_ln79_1_reg_1812  |  32|   0|   32|          0|
    |bitcast_ln81_reg_1822    |  32|   0|   32|          0|
    |i1_reg_1841              |   2|   0|    2|          0|
    |i_0_reg_245              |   2|   0|    2|          0|
    |i_1_reg_1918             |   2|   0|    2|          0|
    |i_2_reg_1963             |   2|   0|    2|          0|
    |i_3_reg_1681             |   2|   0|    2|          0|
    |i_reg_1594               |   2|   0|    2|          0|
    |icmp_ln109_reg_1936      |   1|   0|    1|          0|
    |icmp_ln50_2_reg_1739     |   1|   0|    1|          0|
    |icmp_ln50_3_reg_1720     |   1|   0|    1|          0|
    |icmp_ln58_1_reg_1769     |   1|   0|    1|          0|
    |icmp_ln58_reg_1764       |   1|   0|    1|          0|
    |icmp_ln65_reg_1777       |   1|   0|    1|          0|
    |icmp_ln79_2_reg_1846     |   1|   0|    1|          0|
    |icmp_ln79_3_reg_1817     |   1|   0|    1|          0|
    |icmp_ln81_1_reg_1851     |   1|   0|    1|          0|
    |icmp_ln81_reg_1827       |   1|   0|    1|          0|
    |ind1_reg_309             |   2|   0|    2|          0|
    |ind2_1_fu_96             |  32|   0|   32|          0|
    |ind2_2_fu_100            |  32|   0|   32|          0|
    |j5_0_reg_361             |  32|   0|   32|          0|
    |j7_0_reg_382             |  32|   0|   32|          0|
    |j_0_in_reg_341           |  32|   0|   32|          0|
    |j_1_reg_371              |   2|   0|    2|          0|
    |j_2_reg_1986             |  32|   0|   32|          0|
    |j_4_reg_1880             |  32|   0|   32|          0|
    |j_reg_350                |   2|   0|    2|          0|
    |k_0_in_reg_289           |  32|   0|   32|          0|
    |k_1_reg_298              |   2|   0|    2|          0|
    |k_2_in_reg_332           |  32|   0|   32|          0|
    |k_2_reg_1784             |   2|   0|    2|          0|
    |k_3_reg_1862             |  32|   0|   32|          0|
    |max_0_reg_269            |  32|   0|   32|          0|
    |max_reg_1709             |  32|   0|   32|          0|
    |or_ln79_reg_1856         |   1|   0|    1|          0|
    |p_0_reg_391              |   1|   0|    1|          0|
    |phi_ln79_reg_320         |  32|   0|   32|          0|
    |pos_0_reg_279            |  32|   0|   32|          0|
    |pos_2_reg_1725           |  32|   0|   32|          0|
    |pos_reg_257              |   2|   0|    2|          0|
    |reg_457                  |  32|   0|   32|          0|
    |sext_ln112_reg_1940      |  64|   0|   64|          0|
    |sext_ln122_reg_1976      |  64|   0|   64|          0|
    |sub_ln122_reg_1968       |   5|   0|    5|          0|
    |sub_ln40_reg_1703        |   5|   0|    5|          0|
    |sub_ln58_reg_1744        |   5|   0|    5|          0|
    |sub_ln95_reg_1870        |   5|   0|    5|          0|
    |tmp_10_reg_1904          |  32|   0|   32|          0|
    |tmp_5_reg_1800           |  32|   0|   32|          0|
    |tmp_6_reg_1806           |  32|   0|   32|          0|
    |tmp_7_reg_1899           |  32|   0|   32|          0|
    |tmp_9_reg_1686           |   2|   0|    4|          2|
    |zext_ln104_reg_1909      |   2|   0|   32|         30|
    |zext_ln110_reg_1923      |   2|   0|    5|          3|
    |zext_ln34_reg_1668       |   2|   0|   32|         30|
    |zext_ln40_reg_1696       |   2|   0|    5|          3|
    |zext_ln77_reg_1832       |   2|   0|   32|         30|
    +-------------------------+----+----+-----+-----------+
    |Total                    |1430|   0| 1532|        102|
    +-------------------------+----+----+-----+-----------+



================================================================
== Interface
================================================================
* Summary: 
+-------------+-----+-----+------------+--------------+--------------+
|  RTL Ports  | Dir | Bits|  Protocol  | Source Object|    C Type    |
+-------------+-----+-----+------------+--------------+--------------+
|ap_clk       |  in |    1| ap_ctrl_hs |      lup     | return value |
|ap_rst       |  in |    1| ap_ctrl_hs |      lup     | return value |
|ap_start     |  in |    1| ap_ctrl_hs |      lup     | return value |
|ap_done      | out |    1| ap_ctrl_hs |      lup     | return value |
|ap_idle      | out |    1| ap_ctrl_hs |      lup     | return value |
|ap_ready     | out |    1| ap_ctrl_hs |      lup     | return value |
|ap_return_0  | out |    1| ap_ctrl_hs |      lup     | return value |
|ap_return_1  | out |   32| ap_ctrl_hs |      lup     | return value |
|ap_return_2  | out |   32| ap_ctrl_hs |      lup     | return value |
|ap_return_3  | out |   32| ap_ctrl_hs |      lup     | return value |
|A_address0   | out |    4|  ap_memory |       A      |     array    |
|A_ce0        | out |    1|  ap_memory |       A      |     array    |
|A_q0         |  in |   32|  ap_memory |       A      |     array    |
|A_address1   | out |    4|  ap_memory |       A      |     array    |
|A_ce1        | out |    1|  ap_memory |       A      |     array    |
|A_we1        | out |    1|  ap_memory |       A      |     array    |
|A_d1         | out |   32|  ap_memory |       A      |     array    |
|A_q1         |  in |   32|  ap_memory |       A      |     array    |
|L_address0   | out |    4|  ap_memory |       L      |     array    |
|L_ce0        | out |    1|  ap_memory |       L      |     array    |
|L_we0        | out |    1|  ap_memory |       L      |     array    |
|L_d0         | out |   32|  ap_memory |       L      |     array    |
|U_address0   | out |    4|  ap_memory |       U      |     array    |
|U_ce0        | out |    1|  ap_memory |       U      |     array    |
|U_we0        | out |    1|  ap_memory |       U      |     array    |
|U_d0         | out |   32|  ap_memory |       U      |     array    |
+-------------+-----+-----+------------+--------------+--------------+

